Start testing: Apr 20 16:49 CEST
----------------------------------------------------------
1/1 Testing: Task2Tests
1/1 Test: Task2Tests
Command: "/Users/konradkurzak/DIRS/novomatic/task2/build/Task2Tests"
Directory: /Users/konradkurzak/DIRS/novomatic/task2/build
"Task2Tests" start time: Apr 20 16:49 CEST
Output:
----------------------------------------------------------
Running main() from /Users/konradkurzak/DIRS/novomatic/task2/build/_deps/googletest-src/googletest/src/gtest_main.cc
[==========] Running 4 tests from 1 test suite.
[----------] Global test environment set-up.
[----------] 4 tests from LayoutTest
[ RUN      ] LayoutTest.RootNodeAtCorrectX
[       OK ] LayoutTest.RootNodeAtCorrectX (0 ms)
[ RUN      ] LayoutTest.ChildrenHaveGreaterX
[       OK ] LayoutTest.ChildrenHaveGreaterX (0 ms)
[ RUN      ] LayoutTest.SameDepthNodesDifferentY
[       OK ] LayoutTest.SameDepthNodesDifferentY (0 ms)
[ RUN      ] LayoutTest.NoNodeAtOrigin
[       OK ] LayoutTest.NoNodeAtOrigin (0 ms)
[----------] 4 tests from LayoutTest (0 ms total)

[----------] Global test environment tear-down
[==========] 4 tests from 1 test suite ran. (0 ms total)
[  PASSED  ] 4 tests.
<end of output>
Test time =   0.45 sec
----------------------------------------------------------
Test Passed.
"Task2Tests" end time: Apr 20 16:49 CEST
"Task2Tests" time elapsed: 00:00:00
----------------------------------------------------------

End testing: Apr 20 16:49 CEST
